[2024-07-16T19:23:21.291+0000] {manager.py:470} INFO - Processing files using up to 2 processes at a time 
[2024-07-16T19:23:21.293+0000] {manager.py:471} INFO - Process each file at most once every 30 seconds
[2024-07-16T19:23:21.294+0000] {manager.py:472} INFO - Checking for new files in /opt/airflow/dags every 300 seconds
[2024-07-16T19:23:21.295+0000] {manager.py:737} INFO - Searching for files in /opt/airflow/dags
[2024-07-16T19:23:21.300+0000] {manager.py:740} INFO - There are 0 files in /opt/airflow/dags
[2024-07-16T19:28:22.002+0000] {manager.py:737} INFO - Searching for files in /opt/airflow/dags
[2024-07-16T19:28:22.019+0000] {manager.py:740} INFO - There are 0 files in /opt/airflow/dags
[2024-07-16T19:33:22.655+0000] {manager.py:737} INFO - Searching for files in /opt/airflow/dags
[2024-07-16T19:33:22.669+0000] {manager.py:740} INFO - There are 0 files in /opt/airflow/dags
[2024-07-16T19:38:23.147+0000] {manager.py:737} INFO - Searching for files in /opt/airflow/dags
[2024-07-16T19:38:23.155+0000] {manager.py:740} INFO - There are 0 files in /opt/airflow/dags
[2024-07-16T19:43:23.862+0000] {manager.py:737} INFO - Searching for files in /opt/airflow/dags
[2024-07-16T19:43:23.876+0000] {manager.py:740} INFO - There are 0 files in /opt/airflow/dags
[2024-07-16T19:48:24.496+0000] {manager.py:737} INFO - Searching for files in /opt/airflow/dags
[2024-07-16T19:48:24.517+0000] {manager.py:740} INFO - There are 1 files in /opt/airflow/dags
[2024-07-16T19:48:29.607+0000] {manager.py:878} INFO - 
================================================================================
DAG File Processing Stats

File Path                        PID    Runtime      # DAGs    # Errors  Last Runtime    Last Run
-------------------------------  -----  ---------  --------  ----------  --------------  -------------------
/opt/airflow/dags/reddit-dag.py                           0           1  0.24s           2024-07-16T19:48:24
================================================================================
[2024-07-16T19:48:59.905+0000] {manager.py:878} INFO - 
================================================================================
DAG File Processing Stats

File Path                        PID    Runtime      # DAGs    # Errors  Last Runtime    Last Run
-------------------------------  -----  ---------  --------  ----------  --------------  -------------------
/opt/airflow/dags/reddit-dag.py                           0           1  0.07s           2024-07-16T19:48:54
================================================================================
[2024-07-16T19:49:30.291+0000] {manager.py:878} INFO - 
================================================================================
DAG File Processing Stats

File Path                        PID    Runtime      # DAGs    # Errors  Last Runtime    Last Run
-------------------------------  -----  ---------  --------  ----------  --------------  -------------------
/opt/airflow/dags/reddit-dag.py                           0           1  0.08s           2024-07-16T19:49:25
================================================================================
[2024-07-16T19:50:00.519+0000] {manager.py:878} INFO - 
================================================================================
DAG File Processing Stats

File Path                        PID    Runtime      # DAGs    # Errors  Last Runtime    Last Run
-------------------------------  -----  ---------  --------  ----------  --------------  -------------------
/opt/airflow/dags/reddit-dag.py                           0           1  0.07s           2024-07-16T19:49:55
================================================================================
[2024-07-16T19:50:30.782+0000] {manager.py:878} INFO - 
================================================================================
DAG File Processing Stats

File Path                        PID    Runtime      # DAGs    # Errors  Last Runtime    Last Run
-------------------------------  -----  ---------  --------  ----------  --------------  -------------------
/opt/airflow/dags/reddit-dag.py                           0           1  0.06s           2024-07-16T19:50:25
================================================================================
[2024-07-16T19:51:01.047+0000] {manager.py:878} INFO - 
================================================================================
DAG File Processing Stats

File Path                        PID    Runtime      # DAGs    # Errors  Last Runtime    Last Run
-------------------------------  -----  ---------  --------  ----------  --------------  -------------------
/opt/airflow/dags/reddit-dag.py                           0           1  0.08s           2024-07-16T19:50:56
================================================================================
[2024-07-16T19:51:31.329+0000] {manager.py:878} INFO - 
================================================================================
DAG File Processing Stats

File Path                        PID    Runtime      # DAGs    # Errors  Last Runtime    Last Run
-------------------------------  -----  ---------  --------  ----------  --------------  -------------------
/opt/airflow/dags/reddit-dag.py                           0           1  0.06s           2024-07-16T19:51:26
================================================================================
[2024-07-16T19:52:01.602+0000] {manager.py:878} INFO - 
================================================================================
DAG File Processing Stats

File Path                        PID    Runtime      # DAGs    # Errors  Last Runtime    Last Run
-------------------------------  -----  ---------  --------  ----------  --------------  -------------------
/opt/airflow/dags/reddit-dag.py                           0           1  0.06s           2024-07-16T19:51:56
================================================================================
[2024-07-16T19:52:31.862+0000] {manager.py:878} INFO - 
================================================================================
DAG File Processing Stats

File Path                        PID    Runtime      # DAGs    # Errors  Last Runtime    Last Run
-------------------------------  -----  ---------  --------  ----------  --------------  -------------------
/opt/airflow/dags/reddit-dag.py                           0           1  0.06s           2024-07-16T19:52:26
================================================================================
[2024-07-16T19:53:02.102+0000] {manager.py:878} INFO - 
================================================================================
DAG File Processing Stats

File Path                        PID    Runtime      # DAGs    # Errors  Last Runtime    Last Run
-------------------------------  -----  ---------  --------  ----------  --------------  -------------------
/opt/airflow/dags/reddit-dag.py                           0           1  0.07s           2024-07-16T19:52:57
================================================================================
[2024-07-16T19:53:25.261+0000] {manager.py:737} INFO - Searching for files in /opt/airflow/dags
[2024-07-16T19:53:25.280+0000] {manager.py:740} INFO - There are 1 files in /opt/airflow/dags
[2024-07-16T19:53:32.370+0000] {manager.py:878} INFO - 
================================================================================
DAG File Processing Stats

File Path                        PID    Runtime      # DAGs    # Errors  Last Runtime    Last Run
-------------------------------  -----  ---------  --------  ----------  --------------  -------------------
/opt/airflow/dags/reddit-dag.py                           0           1  0.17s           2024-07-16T19:53:27
================================================================================
[2024-07-16T19:54:02.610+0000] {manager.py:878} INFO - 
================================================================================
DAG File Processing Stats

File Path                        PID    Runtime      # DAGs    # Errors  Last Runtime    Last Run
-------------------------------  -----  ---------  --------  ----------  --------------  -------------------
/opt/airflow/dags/reddit-dag.py                           0           1  0.06s           2024-07-16T19:53:57
================================================================================
[2024-07-16T19:54:32.927+0000] {manager.py:878} INFO - 
================================================================================
DAG File Processing Stats

File Path                        PID    Runtime      # DAGs    # Errors  Last Runtime    Last Run
-------------------------------  -----  ---------  --------  ----------  --------------  -------------------
/opt/airflow/dags/reddit-dag.py                           0           1  0.15s           2024-07-16T19:54:28
================================================================================
[2024-07-16T19:55:03.347+0000] {manager.py:878} INFO - 
================================================================================
DAG File Processing Stats

File Path                        PID    Runtime      # DAGs    # Errors  Last Runtime    Last Run
-------------------------------  -----  ---------  --------  ----------  --------------  -------------------
/opt/airflow/dags/reddit-dag.py                           0           1  0.16s           2024-07-16T19:54:58
================================================================================
[2024-07-16T19:55:33.623+0000] {manager.py:878} INFO - 
================================================================================
DAG File Processing Stats

File Path                        PID    Runtime      # DAGs    # Errors  Last Runtime    Last Run
-------------------------------  -----  ---------  --------  ----------  --------------  -------------------
/opt/airflow/dags/reddit-dag.py                           0           1  0.11s           2024-07-16T19:55:28
================================================================================
[2024-07-16T19:56:03.924+0000] {manager.py:878} INFO - 
================================================================================
DAG File Processing Stats

File Path                        PID    Runtime      # DAGs    # Errors  Last Runtime    Last Run
-------------------------------  -----  ---------  --------  ----------  --------------  -------------------
/opt/airflow/dags/reddit-dag.py                           0           1  0.07s           2024-07-16T19:55:58
================================================================================
[2024-07-16T19:56:34.281+0000] {manager.py:878} INFO - 
================================================================================
DAG File Processing Stats

File Path                        PID    Runtime      # DAGs    # Errors  Last Runtime    Last Run
-------------------------------  -----  ---------  --------  ----------  --------------  -------------------
/opt/airflow/dags/reddit-dag.py                           0           1  0.07s           2024-07-16T19:56:29
================================================================================
[2024-07-16T19:57:04.567+0000] {manager.py:878} INFO - 
================================================================================
DAG File Processing Stats

File Path                        PID    Runtime      # DAGs    # Errors  Last Runtime    Last Run
-------------------------------  -----  ---------  --------  ----------  --------------  -------------------
/opt/airflow/dags/reddit-dag.py                           0           1  0.08s           2024-07-16T19:56:59
================================================================================
[2024-07-16T19:57:34.812+0000] {manager.py:878} INFO - 
================================================================================
DAG File Processing Stats

File Path                        PID    Runtime      # DAGs    # Errors  Last Runtime    Last Run
-------------------------------  -----  ---------  --------  ----------  --------------  -------------------
/opt/airflow/dags/reddit-dag.py                           0           1  0.06s           2024-07-16T19:57:29
================================================================================
[2024-07-16T19:58:05.146+0000] {manager.py:878} INFO - 
================================================================================
DAG File Processing Stats

File Path                        PID    Runtime      # DAGs    # Errors  Last Runtime    Last Run
-------------------------------  -----  ---------  --------  ----------  --------------  -------------------
/opt/airflow/dags/reddit-dag.py                           0           1  0.08s           2024-07-16T19:58:00
================================================================================
[2024-07-16T19:58:18.310+0000] {manager.py:452} INFO - Exiting gracefully upon receiving signal 15
