[2024-07-16T19:48:24.598+0000] {processor.py:161} INFO - Started process (PID=33) to work on /opt/airflow/dags/reddit-dag.py
[2024-07-16T19:48:24.600+0000] {processor.py:830} INFO - Processing file /opt/airflow/dags/reddit-dag.py for tasks to queue
[2024-07-16T19:48:24.611+0000] {logging_mixin.py:188} INFO - [2024-07-16T19:48:24.610+0000] {dagbag.py:545} INFO - Filling up the DagBag from /opt/airflow/dags/reddit-dag.py
[2024-07-16T19:48:24.734+0000] {logging_mixin.py:188} INFO - [2024-07-16T19:48:24.727+0000] {dagbag.py:355} ERROR - Failed to import: /opt/airflow/dags/reddit-dag.py
Traceback (most recent call last):
  File "/home/airflow/.local/lib/python3.9/site-packages/airflow/models/dagbag.py", line 351, in parse
    loader.exec_module(new_module)
  File "<frozen importlib._bootstrap_external>", line 850, in exec_module
  File "<frozen importlib._bootstrap>", line 228, in _call_with_frames_removed
  File "/opt/airflow/dags/reddit-dag.py", line 27, in <module>
    pythoncallable=reddit_pipeline,
NameError: name 'reddit_pipeline' is not defined
[2024-07-16T19:48:24.744+0000] {processor.py:842} WARNING - No viable dags retrieved from /opt/airflow/dags/reddit-dag.py
[2024-07-16T19:48:24.782+0000] {processor.py:183} INFO - Processing /opt/airflow/dags/reddit-dag.py took 0.207 seconds
[2024-07-16T19:48:54.873+0000] {processor.py:161} INFO - Started process (PID=34) to work on /opt/airflow/dags/reddit-dag.py
[2024-07-16T19:48:54.874+0000] {processor.py:830} INFO - Processing file /opt/airflow/dags/reddit-dag.py for tasks to queue
[2024-07-16T19:48:54.876+0000] {logging_mixin.py:188} INFO - [2024-07-16T19:48:54.875+0000] {dagbag.py:545} INFO - Filling up the DagBag from /opt/airflow/dags/reddit-dag.py
[2024-07-16T19:48:54.894+0000] {logging_mixin.py:188} INFO - [2024-07-16T19:48:54.891+0000] {dagbag.py:355} ERROR - Failed to import: /opt/airflow/dags/reddit-dag.py
Traceback (most recent call last):
  File "/home/airflow/.local/lib/python3.9/site-packages/airflow/models/dagbag.py", line 351, in parse
    loader.exec_module(new_module)
  File "<frozen importlib._bootstrap_external>", line 850, in exec_module
  File "<frozen importlib._bootstrap>", line 228, in _call_with_frames_removed
  File "/opt/airflow/dags/reddit-dag.py", line 27, in <module>
    pythoncallable=reddit_pipeline,
NameError: name 'reddit_pipeline' is not defined
[2024-07-16T19:48:54.895+0000] {processor.py:842} WARNING - No viable dags retrieved from /opt/airflow/dags/reddit-dag.py
[2024-07-16T19:48:54.921+0000] {processor.py:183} INFO - Processing /opt/airflow/dags/reddit-dag.py took 0.052 seconds
[2024-07-16T19:49:25.256+0000] {processor.py:161} INFO - Started process (PID=35) to work on /opt/airflow/dags/reddit-dag.py
[2024-07-16T19:49:25.257+0000] {processor.py:830} INFO - Processing file /opt/airflow/dags/reddit-dag.py for tasks to queue
[2024-07-16T19:49:25.258+0000] {logging_mixin.py:188} INFO - [2024-07-16T19:49:25.258+0000] {dagbag.py:545} INFO - Filling up the DagBag from /opt/airflow/dags/reddit-dag.py
[2024-07-16T19:49:25.277+0000] {logging_mixin.py:188} INFO - [2024-07-16T19:49:25.274+0000] {dagbag.py:355} ERROR - Failed to import: /opt/airflow/dags/reddit-dag.py
Traceback (most recent call last):
  File "/home/airflow/.local/lib/python3.9/site-packages/airflow/models/dagbag.py", line 351, in parse
    loader.exec_module(new_module)
  File "<frozen importlib._bootstrap_external>", line 850, in exec_module
  File "<frozen importlib._bootstrap>", line 228, in _call_with_frames_removed
  File "/opt/airflow/dags/reddit-dag.py", line 27, in <module>
    pythoncallable=reddit_pipeline,
NameError: name 'reddit_pipeline' is not defined
[2024-07-16T19:49:25.278+0000] {processor.py:842} WARNING - No viable dags retrieved from /opt/airflow/dags/reddit-dag.py
[2024-07-16T19:49:25.303+0000] {processor.py:183} INFO - Processing /opt/airflow/dags/reddit-dag.py took 0.051 seconds
[2024-07-16T19:49:55.491+0000] {processor.py:161} INFO - Started process (PID=36) to work on /opt/airflow/dags/reddit-dag.py
[2024-07-16T19:49:55.492+0000] {processor.py:830} INFO - Processing file /opt/airflow/dags/reddit-dag.py for tasks to queue
[2024-07-16T19:49:55.494+0000] {logging_mixin.py:188} INFO - [2024-07-16T19:49:55.494+0000] {dagbag.py:545} INFO - Filling up the DagBag from /opt/airflow/dags/reddit-dag.py
[2024-07-16T19:49:55.518+0000] {logging_mixin.py:188} INFO - [2024-07-16T19:49:55.514+0000] {dagbag.py:355} ERROR - Failed to import: /opt/airflow/dags/reddit-dag.py
Traceback (most recent call last):
  File "/home/airflow/.local/lib/python3.9/site-packages/airflow/models/dagbag.py", line 351, in parse
    loader.exec_module(new_module)
  File "<frozen importlib._bootstrap_external>", line 850, in exec_module
  File "<frozen importlib._bootstrap>", line 228, in _call_with_frames_removed
  File "/opt/airflow/dags/reddit-dag.py", line 27, in <module>
    pythoncallable=reddit_pipeline,
NameError: name 'reddit_pipeline' is not defined
[2024-07-16T19:49:55.519+0000] {processor.py:842} WARNING - No viable dags retrieved from /opt/airflow/dags/reddit-dag.py
[2024-07-16T19:49:55.535+0000] {processor.py:183} INFO - Processing /opt/airflow/dags/reddit-dag.py took 0.050 seconds
[2024-07-16T19:50:25.716+0000] {processor.py:161} INFO - Started process (PID=37) to work on /opt/airflow/dags/reddit-dag.py
[2024-07-16T19:50:25.717+0000] {processor.py:830} INFO - Processing file /opt/airflow/dags/reddit-dag.py for tasks to queue
[2024-07-16T19:50:25.719+0000] {logging_mixin.py:188} INFO - [2024-07-16T19:50:25.718+0000] {dagbag.py:545} INFO - Filling up the DagBag from /opt/airflow/dags/reddit-dag.py
[2024-07-16T19:50:25.738+0000] {logging_mixin.py:188} INFO - [2024-07-16T19:50:25.735+0000] {dagbag.py:355} ERROR - Failed to import: /opt/airflow/dags/reddit-dag.py
Traceback (most recent call last):
  File "/home/airflow/.local/lib/python3.9/site-packages/airflow/models/dagbag.py", line 351, in parse
    loader.exec_module(new_module)
  File "<frozen importlib._bootstrap_external>", line 850, in exec_module
  File "<frozen importlib._bootstrap>", line 228, in _call_with_frames_removed
  File "/opt/airflow/dags/reddit-dag.py", line 27, in <module>
    pythoncallable=reddit_pipeline,
NameError: name 'reddit_pipeline' is not defined
[2024-07-16T19:50:25.739+0000] {processor.py:842} WARNING - No viable dags retrieved from /opt/airflow/dags/reddit-dag.py
[2024-07-16T19:50:25.754+0000] {processor.py:183} INFO - Processing /opt/airflow/dags/reddit-dag.py took 0.043 seconds
[2024-07-16T19:50:56.017+0000] {processor.py:161} INFO - Started process (PID=38) to work on /opt/airflow/dags/reddit-dag.py
[2024-07-16T19:50:56.018+0000] {processor.py:830} INFO - Processing file /opt/airflow/dags/reddit-dag.py for tasks to queue
[2024-07-16T19:50:56.019+0000] {logging_mixin.py:188} INFO - [2024-07-16T19:50:56.019+0000] {dagbag.py:545} INFO - Filling up the DagBag from /opt/airflow/dags/reddit-dag.py
[2024-07-16T19:50:56.041+0000] {logging_mixin.py:188} INFO - [2024-07-16T19:50:56.038+0000] {dagbag.py:355} ERROR - Failed to import: /opt/airflow/dags/reddit-dag.py
Traceback (most recent call last):
  File "/home/airflow/.local/lib/python3.9/site-packages/airflow/models/dagbag.py", line 351, in parse
    loader.exec_module(new_module)
  File "<frozen importlib._bootstrap_external>", line 850, in exec_module
  File "<frozen importlib._bootstrap>", line 228, in _call_with_frames_removed
  File "/opt/airflow/dags/reddit-dag.py", line 27, in <module>
    pythoncallable=reddit_pipeline,
NameError: name 'reddit_pipeline' is not defined
[2024-07-16T19:50:56.043+0000] {processor.py:842} WARNING - No viable dags retrieved from /opt/airflow/dags/reddit-dag.py
[2024-07-16T19:50:56.067+0000] {processor.py:183} INFO - Processing /opt/airflow/dags/reddit-dag.py took 0.056 seconds
[2024-07-16T19:51:26.315+0000] {processor.py:161} INFO - Started process (PID=39) to work on /opt/airflow/dags/reddit-dag.py
[2024-07-16T19:51:26.316+0000] {processor.py:830} INFO - Processing file /opt/airflow/dags/reddit-dag.py for tasks to queue
[2024-07-16T19:51:26.318+0000] {logging_mixin.py:188} INFO - [2024-07-16T19:51:26.317+0000] {dagbag.py:545} INFO - Filling up the DagBag from /opt/airflow/dags/reddit-dag.py
[2024-07-16T19:51:26.338+0000] {logging_mixin.py:188} INFO - [2024-07-16T19:51:26.335+0000] {dagbag.py:355} ERROR - Failed to import: /opt/airflow/dags/reddit-dag.py
Traceback (most recent call last):
  File "/home/airflow/.local/lib/python3.9/site-packages/airflow/models/dagbag.py", line 351, in parse
    loader.exec_module(new_module)
  File "<frozen importlib._bootstrap_external>", line 850, in exec_module
  File "<frozen importlib._bootstrap>", line 228, in _call_with_frames_removed
  File "/opt/airflow/dags/reddit-dag.py", line 27, in <module>
    pythoncallable=reddit_pipeline,
NameError: name 'reddit_pipeline' is not defined
[2024-07-16T19:51:26.339+0000] {processor.py:842} WARNING - No viable dags retrieved from /opt/airflow/dags/reddit-dag.py
[2024-07-16T19:51:26.354+0000] {processor.py:183} INFO - Processing /opt/airflow/dags/reddit-dag.py took 0.044 seconds
[2024-07-16T19:51:56.565+0000] {processor.py:161} INFO - Started process (PID=40) to work on /opt/airflow/dags/reddit-dag.py
[2024-07-16T19:51:56.566+0000] {processor.py:830} INFO - Processing file /opt/airflow/dags/reddit-dag.py for tasks to queue
[2024-07-16T19:51:56.567+0000] {logging_mixin.py:188} INFO - [2024-07-16T19:51:56.567+0000] {dagbag.py:545} INFO - Filling up the DagBag from /opt/airflow/dags/reddit-dag.py
[2024-07-16T19:51:56.590+0000] {logging_mixin.py:188} INFO - [2024-07-16T19:51:56.587+0000] {dagbag.py:355} ERROR - Failed to import: /opt/airflow/dags/reddit-dag.py
Traceback (most recent call last):
  File "/home/airflow/.local/lib/python3.9/site-packages/airflow/models/dagbag.py", line 351, in parse
    loader.exec_module(new_module)
  File "<frozen importlib._bootstrap_external>", line 850, in exec_module
  File "<frozen importlib._bootstrap>", line 228, in _call_with_frames_removed
  File "/opt/airflow/dags/reddit-dag.py", line 27, in <module>
    pythoncallable=reddit_pipeline,
NameError: name 'reddit_pipeline' is not defined
[2024-07-16T19:51:56.591+0000] {processor.py:842} WARNING - No viable dags retrieved from /opt/airflow/dags/reddit-dag.py
[2024-07-16T19:51:56.606+0000] {processor.py:183} INFO - Processing /opt/airflow/dags/reddit-dag.py took 0.046 seconds
[2024-07-16T19:52:26.828+0000] {processor.py:161} INFO - Started process (PID=41) to work on /opt/airflow/dags/reddit-dag.py
[2024-07-16T19:52:26.829+0000] {processor.py:830} INFO - Processing file /opt/airflow/dags/reddit-dag.py for tasks to queue
[2024-07-16T19:52:26.830+0000] {logging_mixin.py:188} INFO - [2024-07-16T19:52:26.830+0000] {dagbag.py:545} INFO - Filling up the DagBag from /opt/airflow/dags/reddit-dag.py
[2024-07-16T19:52:26.849+0000] {logging_mixin.py:188} INFO - [2024-07-16T19:52:26.847+0000] {dagbag.py:355} ERROR - Failed to import: /opt/airflow/dags/reddit-dag.py
Traceback (most recent call last):
  File "/home/airflow/.local/lib/python3.9/site-packages/airflow/models/dagbag.py", line 351, in parse
    loader.exec_module(new_module)
  File "<frozen importlib._bootstrap_external>", line 850, in exec_module
  File "<frozen importlib._bootstrap>", line 228, in _call_with_frames_removed
  File "/opt/airflow/dags/reddit-dag.py", line 27, in <module>
    pythoncallable=reddit_pipeline,
NameError: name 'reddit_pipeline' is not defined
[2024-07-16T19:52:26.851+0000] {processor.py:842} WARNING - No viable dags retrieved from /opt/airflow/dags/reddit-dag.py
[2024-07-16T19:52:26.866+0000] {processor.py:183} INFO - Processing /opt/airflow/dags/reddit-dag.py took 0.043 seconds
[2024-07-16T19:52:57.081+0000] {processor.py:161} INFO - Started process (PID=42) to work on /opt/airflow/dags/reddit-dag.py
[2024-07-16T19:52:57.083+0000] {processor.py:830} INFO - Processing file /opt/airflow/dags/reddit-dag.py for tasks to queue
[2024-07-16T19:52:57.084+0000] {logging_mixin.py:188} INFO - [2024-07-16T19:52:57.084+0000] {dagbag.py:545} INFO - Filling up the DagBag from /opt/airflow/dags/reddit-dag.py
[2024-07-16T19:52:57.109+0000] {logging_mixin.py:188} INFO - [2024-07-16T19:52:57.104+0000] {dagbag.py:355} ERROR - Failed to import: /opt/airflow/dags/reddit-dag.py
Traceback (most recent call last):
  File "/home/airflow/.local/lib/python3.9/site-packages/airflow/models/dagbag.py", line 351, in parse
    loader.exec_module(new_module)
  File "<frozen importlib._bootstrap_external>", line 850, in exec_module
  File "<frozen importlib._bootstrap>", line 228, in _call_with_frames_removed
  File "/opt/airflow/dags/reddit-dag.py", line 27, in <module>
    pythoncallable=reddit_pipeline,
NameError: name 'reddit_pipeline' is not defined
[2024-07-16T19:52:57.110+0000] {processor.py:842} WARNING - No viable dags retrieved from /opt/airflow/dags/reddit-dag.py
[2024-07-16T19:52:57.127+0000] {processor.py:183} INFO - Processing /opt/airflow/dags/reddit-dag.py took 0.053 seconds
[2024-07-16T19:53:27.430+0000] {processor.py:161} INFO - Started process (PID=43) to work on /opt/airflow/dags/reddit-dag.py
[2024-07-16T19:53:27.431+0000] {processor.py:830} INFO - Processing file /opt/airflow/dags/reddit-dag.py for tasks to queue
[2024-07-16T19:53:27.432+0000] {logging_mixin.py:188} INFO - [2024-07-16T19:53:27.432+0000] {dagbag.py:545} INFO - Filling up the DagBag from /opt/airflow/dags/reddit-dag.py
[2024-07-16T19:53:27.452+0000] {logging_mixin.py:188} INFO - [2024-07-16T19:53:27.449+0000] {dagbag.py:355} ERROR - Failed to import: /opt/airflow/dags/reddit-dag.py
Traceback (most recent call last):
  File "/home/airflow/.local/lib/python3.9/site-packages/airflow/models/dagbag.py", line 351, in parse
    loader.exec_module(new_module)
  File "<frozen importlib._bootstrap_external>", line 850, in exec_module
  File "<frozen importlib._bootstrap>", line 228, in _call_with_frames_removed
  File "/opt/airflow/dags/reddit-dag.py", line 27, in <module>
    pythoncallable=reddit_pipeline,
NameError: name 'reddit_pipeline' is not defined
[2024-07-16T19:53:27.453+0000] {processor.py:842} WARNING - No viable dags retrieved from /opt/airflow/dags/reddit-dag.py
[2024-07-16T19:53:27.475+0000] {processor.py:183} INFO - Processing /opt/airflow/dags/reddit-dag.py took 0.049 seconds
[2024-07-16T19:53:57.582+0000] {processor.py:161} INFO - Started process (PID=44) to work on /opt/airflow/dags/reddit-dag.py
[2024-07-16T19:53:57.583+0000] {processor.py:830} INFO - Processing file /opt/airflow/dags/reddit-dag.py for tasks to queue
[2024-07-16T19:53:57.584+0000] {logging_mixin.py:188} INFO - [2024-07-16T19:53:57.584+0000] {dagbag.py:545} INFO - Filling up the DagBag from /opt/airflow/dags/reddit-dag.py
[2024-07-16T19:53:57.603+0000] {logging_mixin.py:188} INFO - [2024-07-16T19:53:57.600+0000] {dagbag.py:355} ERROR - Failed to import: /opt/airflow/dags/reddit-dag.py
Traceback (most recent call last):
  File "/home/airflow/.local/lib/python3.9/site-packages/airflow/models/dagbag.py", line 351, in parse
    loader.exec_module(new_module)
  File "<frozen importlib._bootstrap_external>", line 850, in exec_module
  File "<frozen importlib._bootstrap>", line 228, in _call_with_frames_removed
  File "/opt/airflow/dags/reddit-dag.py", line 27, in <module>
    pythoncallable=reddit_pipeline,
NameError: name 'reddit_pipeline' is not defined
[2024-07-16T19:53:57.604+0000] {processor.py:842} WARNING - No viable dags retrieved from /opt/airflow/dags/reddit-dag.py
[2024-07-16T19:53:57.621+0000] {processor.py:183} INFO - Processing /opt/airflow/dags/reddit-dag.py took 0.045 seconds
[2024-07-16T19:54:27.897+0000] {processor.py:161} INFO - Started process (PID=45) to work on /opt/airflow/dags/reddit-dag.py
[2024-07-16T19:54:27.898+0000] {processor.py:830} INFO - Processing file /opt/airflow/dags/reddit-dag.py for tasks to queue
[2024-07-16T19:54:27.899+0000] {logging_mixin.py:188} INFO - [2024-07-16T19:54:27.899+0000] {dagbag.py:545} INFO - Filling up the DagBag from /opt/airflow/dags/reddit-dag.py
[2024-07-16T19:54:27.918+0000] {logging_mixin.py:188} INFO - [2024-07-16T19:54:27.915+0000] {dagbag.py:355} ERROR - Failed to import: /opt/airflow/dags/reddit-dag.py
Traceback (most recent call last):
  File "/home/airflow/.local/lib/python3.9/site-packages/airflow/models/dagbag.py", line 351, in parse
    loader.exec_module(new_module)
  File "<frozen importlib._bootstrap_external>", line 850, in exec_module
  File "<frozen importlib._bootstrap>", line 228, in _call_with_frames_removed
  File "/opt/airflow/dags/reddit-dag.py", line 27, in <module>
    pythoncallable=reddit_pipeline,
NameError: name 'reddit_pipeline' is not defined
[2024-07-16T19:54:28.014+0000] {processor.py:842} WARNING - No viable dags retrieved from /opt/airflow/dags/reddit-dag.py
[2024-07-16T19:54:28.031+0000] {processor.py:183} INFO - Processing /opt/airflow/dags/reddit-dag.py took 0.138 seconds
[2024-07-16T19:54:58.184+0000] {processor.py:161} INFO - Started process (PID=46) to work on /opt/airflow/dags/reddit-dag.py
[2024-07-16T19:54:58.185+0000] {processor.py:830} INFO - Processing file /opt/airflow/dags/reddit-dag.py for tasks to queue
[2024-07-16T19:54:58.187+0000] {logging_mixin.py:188} INFO - [2024-07-16T19:54:58.187+0000] {dagbag.py:545} INFO - Filling up the DagBag from /opt/airflow/dags/reddit-dag.py
[2024-07-16T19:54:58.206+0000] {logging_mixin.py:188} INFO - [2024-07-16T19:54:58.203+0000] {dagbag.py:355} ERROR - Failed to import: /opt/airflow/dags/reddit-dag.py
Traceback (most recent call last):
  File "/home/airflow/.local/lib/python3.9/site-packages/airflow/models/dagbag.py", line 351, in parse
    loader.exec_module(new_module)
  File "<frozen importlib._bootstrap_external>", line 850, in exec_module
  File "<frozen importlib._bootstrap>", line 228, in _call_with_frames_removed
  File "/opt/airflow/dags/reddit-dag.py", line 27, in <module>
    pythoncallable=reddit_pipeline,
NameError: name 'reddit_pipeline' is not defined
[2024-07-16T19:54:58.207+0000] {processor.py:842} WARNING - No viable dags retrieved from /opt/airflow/dags/reddit-dag.py
[2024-07-16T19:54:58.320+0000] {processor.py:183} INFO - Processing /opt/airflow/dags/reddit-dag.py took 0.141 seconds
[2024-07-16T19:55:28.587+0000] {processor.py:161} INFO - Started process (PID=47) to work on /opt/airflow/dags/reddit-dag.py
[2024-07-16T19:55:28.588+0000] {processor.py:830} INFO - Processing file /opt/airflow/dags/reddit-dag.py for tasks to queue
[2024-07-16T19:55:28.590+0000] {logging_mixin.py:188} INFO - [2024-07-16T19:55:28.590+0000] {dagbag.py:545} INFO - Filling up the DagBag from /opt/airflow/dags/reddit-dag.py
[2024-07-16T19:55:28.642+0000] {logging_mixin.py:188} INFO - [2024-07-16T19:55:28.613+0000] {dagbag.py:355} ERROR - Failed to import: /opt/airflow/dags/reddit-dag.py
Traceback (most recent call last):
  File "/home/airflow/.local/lib/python3.9/site-packages/airflow/models/dagbag.py", line 351, in parse
    loader.exec_module(new_module)
  File "<frozen importlib._bootstrap_external>", line 850, in exec_module
  File "<frozen importlib._bootstrap>", line 228, in _call_with_frames_removed
  File "/opt/airflow/dags/reddit-dag.py", line 27, in <module>
    pythoncallable=reddit_pipeline,
NameError: name 'reddit_pipeline' is not defined
[2024-07-16T19:55:28.649+0000] {processor.py:842} WARNING - No viable dags retrieved from /opt/airflow/dags/reddit-dag.py
[2024-07-16T19:55:28.675+0000] {processor.py:183} INFO - Processing /opt/airflow/dags/reddit-dag.py took 0.092 seconds
[2024-07-16T19:55:58.883+0000] {processor.py:161} INFO - Started process (PID=48) to work on /opt/airflow/dags/reddit-dag.py
[2024-07-16T19:55:58.884+0000] {processor.py:830} INFO - Processing file /opt/airflow/dags/reddit-dag.py for tasks to queue
[2024-07-16T19:55:58.886+0000] {logging_mixin.py:188} INFO - [2024-07-16T19:55:58.886+0000] {dagbag.py:545} INFO - Filling up the DagBag from /opt/airflow/dags/reddit-dag.py
[2024-07-16T19:55:58.905+0000] {logging_mixin.py:188} INFO - [2024-07-16T19:55:58.903+0000] {dagbag.py:355} ERROR - Failed to import: /opt/airflow/dags/reddit-dag.py
Traceback (most recent call last):
  File "/home/airflow/.local/lib/python3.9/site-packages/airflow/models/dagbag.py", line 351, in parse
    loader.exec_module(new_module)
  File "<frozen importlib._bootstrap_external>", line 850, in exec_module
  File "<frozen importlib._bootstrap>", line 228, in _call_with_frames_removed
  File "/opt/airflow/dags/reddit-dag.py", line 27, in <module>
    pythoncallable=reddit_pipeline,
NameError: name 'reddit_pipeline' is not defined
[2024-07-16T19:55:58.907+0000] {processor.py:842} WARNING - No viable dags retrieved from /opt/airflow/dags/reddit-dag.py
[2024-07-16T19:55:58.929+0000] {processor.py:183} INFO - Processing /opt/airflow/dags/reddit-dag.py took 0.051 seconds
[2024-07-16T19:56:29.226+0000] {processor.py:161} INFO - Started process (PID=49) to work on /opt/airflow/dags/reddit-dag.py
[2024-07-16T19:56:29.227+0000] {processor.py:830} INFO - Processing file /opt/airflow/dags/reddit-dag.py for tasks to queue
[2024-07-16T19:56:29.229+0000] {logging_mixin.py:188} INFO - [2024-07-16T19:56:29.228+0000] {dagbag.py:545} INFO - Filling up the DagBag from /opt/airflow/dags/reddit-dag.py
[2024-07-16T19:56:29.248+0000] {logging_mixin.py:188} INFO - [2024-07-16T19:56:29.245+0000] {dagbag.py:355} ERROR - Failed to import: /opt/airflow/dags/reddit-dag.py
Traceback (most recent call last):
  File "/home/airflow/.local/lib/python3.9/site-packages/airflow/models/dagbag.py", line 351, in parse
    loader.exec_module(new_module)
  File "<frozen importlib._bootstrap_external>", line 850, in exec_module
  File "<frozen importlib._bootstrap>", line 228, in _call_with_frames_removed
  File "/opt/airflow/dags/reddit-dag.py", line 27, in <module>
    pythoncallable=reddit_pipeline,
NameError: name 'reddit_pipeline' is not defined
[2024-07-16T19:56:29.249+0000] {processor.py:842} WARNING - No viable dags retrieved from /opt/airflow/dags/reddit-dag.py
[2024-07-16T19:56:29.273+0000] {processor.py:183} INFO - Processing /opt/airflow/dags/reddit-dag.py took 0.053 seconds
[2024-07-16T19:56:59.505+0000] {processor.py:161} INFO - Started process (PID=50) to work on /opt/airflow/dags/reddit-dag.py
[2024-07-16T19:56:59.506+0000] {processor.py:830} INFO - Processing file /opt/airflow/dags/reddit-dag.py for tasks to queue
[2024-07-16T19:56:59.508+0000] {logging_mixin.py:188} INFO - [2024-07-16T19:56:59.507+0000] {dagbag.py:545} INFO - Filling up the DagBag from /opt/airflow/dags/reddit-dag.py
[2024-07-16T19:56:59.530+0000] {logging_mixin.py:188} INFO - [2024-07-16T19:56:59.527+0000] {dagbag.py:355} ERROR - Failed to import: /opt/airflow/dags/reddit-dag.py
Traceback (most recent call last):
  File "/home/airflow/.local/lib/python3.9/site-packages/airflow/models/dagbag.py", line 351, in parse
    loader.exec_module(new_module)
  File "<frozen importlib._bootstrap_external>", line 850, in exec_module
  File "<frozen importlib._bootstrap>", line 228, in _call_with_frames_removed
  File "/opt/airflow/dags/reddit-dag.py", line 27, in <module>
    pythoncallable=reddit_pipeline,
NameError: name 'reddit_pipeline' is not defined
[2024-07-16T19:56:59.531+0000] {processor.py:842} WARNING - No viable dags retrieved from /opt/airflow/dags/reddit-dag.py
[2024-07-16T19:56:59.556+0000] {processor.py:183} INFO - Processing /opt/airflow/dags/reddit-dag.py took 0.058 seconds
[2024-07-16T19:57:29.793+0000] {processor.py:161} INFO - Started process (PID=51) to work on /opt/airflow/dags/reddit-dag.py
[2024-07-16T19:57:29.794+0000] {processor.py:830} INFO - Processing file /opt/airflow/dags/reddit-dag.py for tasks to queue
[2024-07-16T19:57:29.795+0000] {logging_mixin.py:188} INFO - [2024-07-16T19:57:29.795+0000] {dagbag.py:545} INFO - Filling up the DagBag from /opt/airflow/dags/reddit-dag.py
[2024-07-16T19:57:29.815+0000] {logging_mixin.py:188} INFO - [2024-07-16T19:57:29.812+0000] {dagbag.py:355} ERROR - Failed to import: /opt/airflow/dags/reddit-dag.py
Traceback (most recent call last):
  File "/home/airflow/.local/lib/python3.9/site-packages/airflow/models/dagbag.py", line 351, in parse
    loader.exec_module(new_module)
  File "<frozen importlib._bootstrap_external>", line 850, in exec_module
  File "<frozen importlib._bootstrap>", line 228, in _call_with_frames_removed
  File "/opt/airflow/dags/reddit-dag.py", line 27, in <module>
    pythoncallable=reddit_pipeline,
NameError: name 'reddit_pipeline' is not defined
[2024-07-16T19:57:29.817+0000] {processor.py:842} WARNING - No viable dags retrieved from /opt/airflow/dags/reddit-dag.py
[2024-07-16T19:57:29.834+0000] {processor.py:183} INFO - Processing /opt/airflow/dags/reddit-dag.py took 0.046 seconds
[2024-07-16T19:58:00.099+0000] {processor.py:161} INFO - Started process (PID=52) to work on /opt/airflow/dags/reddit-dag.py
[2024-07-16T19:58:00.100+0000] {processor.py:830} INFO - Processing file /opt/airflow/dags/reddit-dag.py for tasks to queue
[2024-07-16T19:58:00.102+0000] {logging_mixin.py:188} INFO - [2024-07-16T19:58:00.101+0000] {dagbag.py:545} INFO - Filling up the DagBag from /opt/airflow/dags/reddit-dag.py
[2024-07-16T19:58:00.129+0000] {logging_mixin.py:188} INFO - [2024-07-16T19:58:00.122+0000] {dagbag.py:355} ERROR - Failed to import: /opt/airflow/dags/reddit-dag.py
Traceback (most recent call last):
  File "/home/airflow/.local/lib/python3.9/site-packages/airflow/models/dagbag.py", line 351, in parse
    loader.exec_module(new_module)
  File "<frozen importlib._bootstrap_external>", line 850, in exec_module
  File "<frozen importlib._bootstrap>", line 228, in _call_with_frames_removed
  File "/opt/airflow/dags/reddit-dag.py", line 27, in <module>
    pythoncallable=reddit_pipeline,
NameError: name 'reddit_pipeline' is not defined
[2024-07-16T19:58:00.131+0000] {processor.py:842} WARNING - No viable dags retrieved from /opt/airflow/dags/reddit-dag.py
[2024-07-16T19:58:00.152+0000] {processor.py:183} INFO - Processing /opt/airflow/dags/reddit-dag.py took 0.057 seconds
